2025-07-10 11:50:00 | DEBUG | repo=pv243-a4m36jee-2018-security-seminar | action=commit
2025-02-27 09:26:00 | DEBUG | repo=pv243-a4m36jee-2018-security-seminar | action=edit | files=4
2025-04-17 07:41:00 | INFO | repo=pv243-a4m36jee-2018-security-seminar | action=commit
2025-12-12 15:55:00 | INFO | repo=pv243-a4m36jee-2018-security-seminar | action=pull
2025-07-03 15:49:00 | WARN | repo=pv243-a4m36jee-2018-security-seminar | action=commit
2025-09-06 19:16:00 | WARN | repo=pv243-a4m36jee-2018-security-seminar | action=test | passed=true
2025-07-26 16:40:00 | WARN | repo=pv243-a4m36jee-2018-security-seminar | action=commit
2025-02-21 21:40:00 | DEBUG | repo=pv243-a4m36jee-2018-security-seminar | action=edit | files=4
2025-11-01 19:38:00 | INFO | repo=pv243-a4m36jee-2018-security-seminar | action=commit
2025-12-19 07:00:00 | WARN | repo=pv243-a4m36jee-2018-security-seminar | action=pull
2025-04-09 11:14:00 | INFO | repo=pv243-a4m36jee-2018-security-seminar | action=test | passed=true
2025-04-02 15:48:00 | WARN | repo=pv243-a4m36jee-2018-security-seminar | action=test | passed=true
2025-10-03 21:14:00 | INFO | repo=pv243-a4m36jee-2018-security-seminar | action=pull
2025-07-04 08:16:00 | DEBUG | repo=pv243-a4m36jee-2018-security-seminar | action=commit
2025-01-02 07:10:00 | DEBUG | repo=pv243-a4m36jee-2018-security-seminar | action=test | passed=true
2025-08-05 09:21:00 | DEBUG | repo=pv243-a4m36jee-2018-security-seminar | action=commit
2025-10-16 08:18:00 | INFO | repo=pv243-a4m36jee-2018-security-seminar | action=edit | files=2
2025-12-24 21:35:00 | INFO | repo=pv243-a4m36jee-2018-security-seminar | action=commit
2025-11-24 13:02:00 | DEBUG | repo=pv243-a4m36jee-2018-security-seminar | action=commit
2025-11-05 19:48:00 | INFO | repo=pv243-a4m36jee-2018-security-seminar | action=commit
2025-12-13 18:13:00 | INFO | repo=pv243-a4m36jee-2018-security-seminar | action=commit
2025-10-22 10:39:00 | WARN | repo=pv243-a4m36jee-2018-security-seminar | action=test | passed=true
2025-04-25 19:04:00 | INFO | repo=pv243-a4m36jee-2018-security-seminar | action=commit
2025-02-09 07:17:00 | DEBUG | repo=pv243-a4m36jee-2018-security-seminar | action=pull
2025-10-11 08:24:00 | DEBUG | repo=pv243-a4m36jee-2018-security-seminar | action=pull
2025-11-21 09:56:00 | WARN | repo=pv243-a4m36jee-2018-security-seminar | action=test | passed=true
2025-09-26 21:21:00 | DEBUG | repo=pv243-a4m36jee-2018-security-seminar | action=commit
2025-08-24 19:57:00 | DEBUG | repo=pv243-a4m36jee-2018-security-seminar | action=commit
2025-12-18 13:42:00 | WARN | repo=pv243-a4m36jee-2018-security-seminar | action=test | passed=true
2025-08-11 17:52:00 | WARN | repo=pv243-a4m36jee-2018-security-seminar | action=edit | files=5
2025-03-11 07:38:00 | WARN | repo=pv243-a4m36jee-2018-security-seminar | action=commit
2025-07-13 18:13:00 | DEBUG | repo=pv243-a4m36jee-2018-security-seminar | action=commit
2025-05-15 11:25:00 | INFO | repo=pv243-a4m36jee-2018-security-seminar | action=commit
2025-03-26 19:36:00 | WARN | repo=pv243-a4m36jee-2018-security-seminar | action=edit | files=4
2025-11-21 10:04:00 | DEBUG | repo=pv243-a4m36jee-2018-security-seminar | action=edit | files=4
2025-12-13 11:38:00 | WARN | repo=pv243-a4m36jee-2018-security-seminar | action=commit
2025-12-02 18:37:00 | INFO | repo=pv243-a4m36jee-2018-security-seminar | action=pull
2025-09-17 18:22:00 | DEBUG | repo=pv243-a4m36jee-2018-security-seminar | action=commit
2025-06-16 10:11:00 | DEBUG | repo=pv243-a4m36jee-2018-security-seminar | action=commit
2025-09-17 20:40:00 | WARN | repo=pv243-a4m36jee-2018-security-seminar | action=commit
2025-09-03 07:22:00 | INFO | repo=pv243-a4m36jee-2018-security-seminar | action=edit | files=2
2025-02-17 07:51:00 | WARN | repo=pv243-a4m36jee-2018-security-seminar | action=edit | files=3
2025-01-01 10:06:00 | DEBUG | repo=pv243-a4m36jee-2018-security-seminar | action=commit
2025-07-05 20:59:00 | WARN | repo=pv243-a4m36jee-2018-security-seminar | action=commit
2025-03-03 11:07:00 | WARN | repo=pv243-a4m36jee-2018-security-seminar | action=edit | files=4
2025-12-06 16:29:00 | DEBUG | repo=pv243-a4m36jee-2018-security-seminar | action=commit
2025-07-22 19:03:00 | DEBUG | repo=pv243-a4m36jee-2018-security-seminar | action=commit
2025-09-23 09:33:00 | INFO | repo=pv243-a4m36jee-2018-security-seminar | action=commit
2025-03-09 20:28:00 | DEBUG | repo=pv243-a4m36jee-2018-security-seminar | action=commit
